#
# There is insufficient memory for the Java Runtime Environment to continue.
# Native memory allocation (mmap) failed to map 264241152 bytes. Error detail: G1 virtual space
# Possible reasons:
#   The system is out of physical RAM or swap space
#   This process is running with CompressedOops enabled, and the Java Heap may be blocking the growth of the native heap
# Possible solutions:
#   Reduce memory load on the system
#   Increase physical memory or swap space
#   Check if swap backing store is full
#   Decrease Java heap size (-Xmx/-Xms)
#   Decrease number of Java threads
#   Decrease Java thread stack sizes (-Xss)
#   Set larger code cache with -XX:ReservedCodeCacheSize=
#   JVM is running with Zero Based Compressed Oops mode in which the Java heap is
#     placed in the first 32GB address space. The Java Heap base address is the
#     maximum limit for the native heap growth. Please use -XX:HeapBaseMinAddress
#     to set the Java Heap base and to place the Java Heap above 32GB virtual address.
# This output file may be truncated or incomplete.
#
#  Out of Memory Error (os_windows.cpp:3898), pid=8416, tid=27464
#
# JRE version:  (21.0.6) (build )
# Java VM: OpenJDK 64-Bit Server VM (21.0.6+-13391695-b895.109, mixed mode, sharing, tiered, compressed oops, compressed class ptrs, g1 gc, windows-amd64)
# No core dump will be written. Minidumps are not enabled by default on client versions of Windows
#

---------------  S U M M A R Y ------------

Command Line: git4idea.http.GitAskPassApp Username for 'https://github.com': 

Host: 11th Gen Intel(R) Core(TM) i5-11400H @ 2.70GHz, 12 cores, 15G,  Windows 11 , 64 bit Build 26100 (10.0.26100.5074)
Time: Thu Oct 16 13:56:39 2025 SE Asia Standard Time elapsed time: 0.009748 seconds (0d 0h 0m 0s)

---------------  T H R E A D  ---------------

Current thread (0x000001d58adf5640):  JavaThread "Unknown thread" [_thread_in_vm, id=27464, stack(0x000000d0cf900000,0x000000d0cfa00000) (1024K)]

Stack: [0x000000d0cf900000,0x000000d0cfa00000]
Native frames: (J=compiled Java code, j=interpreted, Vv=VM code, C=native code)
V  [jvm.dll+0x6d0639]
V  [jvm.dll+0x85eb03]
V  [jvm.dll+0x86105e]
V  [jvm.dll+0x861743]
V  [jvm.dll+0x27e6e6]
V  [jvm.dll+0x6ccfd5]
V  [jvm.dll+0x6c0a8a]
V  [jvm.dll+0x35537b]
V  [jvm.dll+0x35cfd6]
V  [jvm.dll+0x3aef86]
V  [jvm.dll+0x3af258]
V  [jvm.dll+0x327a2c]
V  [jvm.dll+0x32871b]
V  [jvm.dll+0x826549]
V  [jvm.dll+0x3bc158]
V  [jvm.dll+0x80f7f8]
V  [jvm.dll+0x45035e]
V  [jvm.dll+0x451ac1]
C  [jli.dll+0x52ab]
C  [ucrtbase.dll+0x37b0]
C  [KERNEL32.DLL+0x2e8d7]
C  [ntdll.dll+0x8d9c]


---------------  P R O C E S S  ---------------

Threads class SMR info:
_java_thread_list=0x00007ffc24ec1848, length=0, elements={
}

Java Threads: ( => current thread )
Total: 0

Other Threads:
  0x000001d588a21930 WorkerThread "GC Thread#0"                     [id=4352, stack(0x000000d0cfa00000,0x000000d0cfb00000) (1024K)]
  0x000001d58ae69530 ConcurrentGCThread "G1 Main Marker"            [id=12780, stack(0x000000d0cfb00000,0x000000d0cfc00000) (1024K)]
  0x000001d588a21590 WorkerThread "G1 Conc#0"                       [id=17804, stack(0x000000d0cfc00000,0x000000d0cfd00000) (1024K)]

[error occurred during error reporting (printing all threads), id 0xc0000005, EXCEPTION_ACCESS_VIOLATION (0xc0000005) at pc=0x00007ffc246baa87]
VM state: not at safepoint (not fully initialized)

VM Mutex/Monitor currently owned by a thread:  ([mutex/lock_event])
[0x00007ffc24f2e4a0] Heap_lock - owner thread: 0x000001d58adf5640

Heap address: 0x0000000704000000, size: 4032 MB, Compressed Oops mode: Zero based, Oop shift amount: 3

CDS archive(s) mapped at: [0x0000000000000000-0x0000000000000000-0x0000000000000000), size 0, SharedBaseAddress: 0x0000000800000000, ArchiveRelocationMode: 1.
Narrow klass base: 0x0000000000000000, Narrow klass shift: 0, Narrow klass range: 0x0

GC Precious Log:
 CardTable entry size: 512
 Card Set container configuration: InlinePtr #cards 4 size 8 Array Of Cards #cards 16 size 48 Howl #buckets 8 coarsen threshold 3686 Howl Bitmap #cards 512 size 80 coarsen threshold 460 Card regions per heap region 1 cards per card region 4096

Heap:
 garbage-first heap   total 0K, used 0K [0x0000000704000000, 0x0000000800000000)
  region size 2048K, 0 young (0K), 0 survivors (0K)
 Metaspace       used 0K, committed 0K, reserved 0K
  class space    used 0K, committed 0K, reserved 0K

Heap Regions: E=young(eden), S=young(survivor), O=old, HS=humongous(starts), HC=humongous(continues), CS=collection set, F=free, TAMS=top-at-mark-start, PB=parsable bottom

Card table byte_map: [0x000001d59dc70000,0x000001d59e450000] _byte_map_base: 0x000001d59a450000

Marking Bits: (CMBitMap*) 0x000001d58ae58140
 Bits: [0x000001d59e450000, 0x000001d5a2350000)

GC Heap History (0 events):
No events

Dll operation events (1 events):
Event: 0.006 Loaded shared library C:\Program Files\Android\Android Studio\jbr\bin\java.dll

Deoptimization events (0 events):
No events

Classes loaded (0 events):
No events

Classes unloaded (0 events):
No events

Classes redefined (0 events):
No events

Internal exceptions (0 events):
No events

ZGC Phase Switch (0 events):
No events

VM Operations (0 events):
No events

Memory protections (0 events):
No events

Nmethod flushes (0 events):
No events

Events (0 events):
No events


Dynamic libraries:
0x00007ff7aadb0000 - 0x00007ff7aadba000 	C:\Program Files\Android\Android Studio\jbr\bin\java.exe
0x00007ffcfe620000 - 0x00007ffcfe889000 	C:\WINDOWS\SYSTEM32\ntdll.dll
0x00007ffcbc340000 - 0x00007ffcbc360000 	C:\Program Files\Avast Software\Avast\aswhook.dll
0x00007ffcfcf50000 - 0x00007ffcfd019000 	C:\WINDOWS\System32\KERNEL32.DLL
0x00007ffcfbff0000 - 0x00007ffcfc3e3000 	C:\WINDOWS\System32\KERNELBASE.dll
0x00007ffcfb930000 - 0x00007ffcfba7b000 	C:\WINDOWS\System32\ucrtbase.dll
0x00007ffce91b0000 - 0x00007ffce91c8000 	C:\Program Files\Android\Android Studio\jbr\bin\jli.dll
0x00007ffcba040000 - 0x00007ffcba05b000 	C:\Program Files\Android\Android Studio\jbr\bin\VCRUNTIME140.dll
0x00007ffcfc860000 - 0x00007ffcfca24000 	C:\WINDOWS\System32\USER32.dll
0x00007ffcfbc70000 - 0x00007ffcfbc97000 	C:\WINDOWS\System32\win32u.dll
0x00007ffcd5640000 - 0x00007ffcd58d3000 	C:\WINDOWS\WinSxS\amd64_microsoft.windows.common-controls_6595b64144ccf1df_6.0.26100.5074_none_3e0d6f78e32fd63f\COMCTL32.dll
0x00007ffcfdc40000 - 0x00007ffcfdc6b000 	C:\WINDOWS\System32\GDI32.dll
0x00007ffcfca30000 - 0x00007ffcfcad9000 	C:\WINDOWS\System32\msvcrt.dll
0x00007ffcfbd50000 - 0x00007ffcfbe7d000 	C:\WINDOWS\System32\gdi32full.dll
0x00007ffcfbca0000 - 0x00007ffcfbd43000 	C:\WINDOWS\System32\msvcp_win.dll
0x00007ffcfdc70000 - 0x00007ffcfdc9f000 	C:\WINDOWS\System32\IMM32.DLL
0x00007ffce77f0000 - 0x00007ffce77fc000 	C:\Program Files\Android\Android Studio\jbr\bin\vcruntime140_1.dll
0x00007ffce7630000 - 0x00007ffce76bd000 	C:\Program Files\Android\Android Studio\jbr\bin\msvcp140.dll
0x00007ffc24380000 - 0x00007ffc2500b000 	C:\Program Files\Android\Android Studio\jbr\bin\server\jvm.dll
0x00007ffcfc7a0000 - 0x00007ffcfc854000 	C:\WINDOWS\System32\ADVAPI32.dll
0x00007ffcfdde0000 - 0x00007ffcfde86000 	C:\WINDOWS\System32\sechost.dll
0x00007ffcfc510000 - 0x00007ffcfc628000 	C:\WINDOWS\System32\RPCRT4.dll
0x00007ffcfc3f0000 - 0x00007ffcfc464000 	C:\WINDOWS\System32\WS2_32.dll
0x00007ffcfa3f0000 - 0x00007ffcfa44e000 	C:\WINDOWS\SYSTEM32\POWRPROF.dll
0x00007ffced9a0000 - 0x00007ffced9d5000 	C:\WINDOWS\SYSTEM32\WINMM.dll
0x00007ffce9320000 - 0x00007ffce932b000 	C:\WINDOWS\SYSTEM32\VERSION.dll
0x00007ffcfa3d0000 - 0x00007ffcfa3e4000 	C:\WINDOWS\SYSTEM32\UMPDC.dll
0x00007ffcfa6b0000 - 0x00007ffcfa6cb000 	C:\WINDOWS\SYSTEM32\kernel.appcore.dll
0x00007ffce70d0000 - 0x00007ffce70da000 	C:\Program Files\Android\Android Studio\jbr\bin\jimage.dll
0x00007ffcf89e0000 - 0x00007ffcf8c22000 	C:\WINDOWS\SYSTEM32\DBGHELP.DLL
0x00007ffcfd070000 - 0x00007ffcfd3eb000 	C:\WINDOWS\System32\combase.dll
0x00007ffcfd460000 - 0x00007ffcfd537000 	C:\WINDOWS\System32\OLEAUT32.dll
0x00007ffce6040000 - 0x00007ffce607d000 	C:\WINDOWS\SYSTEM32\dbgcore.DLL
0x00007ffcfbb40000 - 0x00007ffcfbbd9000 	C:\WINDOWS\System32\bcryptPrimitives.dll
0x00007ffcb8670000 - 0x00007ffcb8690000 	C:\Program Files\Android\Android Studio\jbr\bin\java.dll

dbghelp: loaded successfully - version: 4.0.5 - missing functions: none
symbol engine: initialized successfully - sym options: 0x614 - pdb path: .;C:\Program Files\Android\Android Studio\jbr\bin;C:\WINDOWS\SYSTEM32;C:\Program Files\Avast Software\Avast;C:\WINDOWS\WinSxS\amd64_microsoft.windows.common-controls_6595b64144ccf1df_6.0.26100.5074_none_3e0d6f78e32fd63f;C:\Program Files\Android\Android Studio\jbr\bin\server

VM Arguments:
java_command: git4idea.http.GitAskPassApp Username for 'https://github.com': 
java_class_path (initial): C:/Program Files/Android/Android Studio/plugins/vcs-git/lib/git4idea-rt.jar;C:/Program Files/Android/Android Studio/lib/externalProcess-rt.jar
Launcher Type: SUN_STANDARD

[Global flags]
     intx CICompilerCount                          = 4                                         {product} {ergonomic}
     uint ConcGCThreads                            = 3                                         {product} {ergonomic}
     uint G1ConcRefinementThreads                  = 10                                        {product} {ergonomic}
   size_t G1HeapRegionSize                         = 2097152                                   {product} {ergonomic}
    uintx GCDrainStackTargetSize                   = 64                                        {product} {ergonomic}
   size_t InitialHeapSize                          = 264241152                                 {product} {ergonomic}
   size_t MarkStackSize                            = 4194304                                   {product} {ergonomic}
   size_t MaxHeapSize                              = 4227858432                                {product} {ergonomic}
   size_t MinHeapDeltaBytes                        = 2097152                                   {product} {ergonomic}
   size_t MinHeapSize                              = 8388608                                   {product} {ergonomic}
    uintx NonNMethodCodeHeapSize                   = 5839372                                {pd product} {ergonomic}
    uintx NonProfiledCodeHeapSize                  = 122909434                              {pd product} {ergonomic}
    uintx ProfiledCodeHeapSize                     = 122909434                              {pd product} {ergonomic}
    uintx ReservedCodeCacheSize                    = 251658240                              {pd product} {ergonomic}
     bool SegmentedCodeCache                       = true                                      {product} {ergonomic}
   size_t SoftMaxHeapSize                          = 4227858432                             {manageable} {ergonomic}
     bool UseCompressedOops                        = true                           {product lp64_product} {ergonomic}
     bool UseG1GC                                  = true                                      {product} {ergonomic}
     bool UseLargePagesIndividualAllocation        = false                                  {pd product} {ergonomic}

Logging:
Log output configuration:
 #0: stdout all=warning uptime,level,tags foldmultilines=false
 #1: stderr all=off uptime,level,tags foldmultilines=false

Environment Variables:
PATH=C:\Program Files\Git\mingw64\libexec\git-core;C:\Program Files\Git\mingw64\libexec\git-core;C:\Program Files\Git\mingw64\bin;C:\Program Files\Git\usr\bin;C:\Users\ASUS\bin;C:\Python313\Scripts;C:\Python313;C:\Program Files (x86)\Common Files\Oracle\Java\javapath;C:\Windows\system32;C:\Windows;C:\Windows\System32\Wbem;C:\Windows\System32\WindowsPowerShell\v1.0;C:\Windows\System32\OpenSSH;C:\Program Files (x86)\NVIDIA Corporation\PhysX\Common;C:\Program Files\dotnet;C:\Program Files\php-8.3.13;C:\ProgramData\ComposerSetup\bin;C:\Program Files\Git\cmd;C:\WINDOWS\system32;C:\WINDOWS;C:\WINDOWS\System32\Wbem;C:\WINDOWS\System32\WindowsPowerShell\v1.0;C:\WINDOWS\System32\OpenSSH;C:\Program Files\NVIDIA Corporation\NVIDIA app\NvDLISR;C:\Program Files\nodejs;C:\ProgramData\chocolatey\bin;C:\Program Files\Graphviz\bin;C:\Users\ASUS\AppData\Local\Yarn\config\global\node_modules\.bin;C:\Users\ASUS\AppData\Roaming\Composer\vendor\bin;C:\Users\ASUS\AppData\Local\Programs\Python\Launcher;C:\Users\ASUS\AppData\Local\Microsoft\WindowsApps;C:\Users\ASUS\AppData\Local\spicetify;C:\Users\ASUS\AppData\Local\Programs\Microsoft VS Code\bin;C:\Users\ASUS\AppData\Local\GitHubDesktop\bin;C:\xampp\php;C:\Users\ASUS\AppData\Local\Microsoft\WindowsApps;C:\Users\ASUS\.dotnet\tools;C:\Users\ASUS\AppData\Roaming\npm;C:\Program Files\Graphviz\bin
USERNAME=ASUS
DISPLAY=:0.0
LC_ALL=en_US.UTF-8
TERM=xterm-256color
TMPDIR=C:\Users\ASUS\AppData\Local\Temp
OS=Windows_NT
PROCESSOR_IDENTIFIER=Intel64 Family 6 Model 141 Stepping 1, GenuineIntel
TMP=C:\Users\ASUS\AppData\Local\Temp
TEMP=C:\Users\ASUS\AppData\Local\Temp




Periodic native trim disabled

JNI global refs:
JNI global refs: 0, weak refs: 0

JNI global refs memory usage: 0, weak refs: 0

Process memory usage:
Resident Set Size: 13168K (0% of 16508876K total physical memory with 747336K free physical memory)

OOME stack traces (most recent first):
Classloader memory used:

---------------  S Y S T E M  ---------------

OS:
 Windows 11 , 64 bit Build 26100 (10.0.26100.5074)
OS uptime: 0 days 1:59 hours
Hyper-V role detected

CPU: total 12 (initial active 12) (6 cores per cpu, 2 threads per core) family 6 model 141 stepping 1 microcode 0x34, cx8, cmov, fxsr, ht, mmx, 3dnowpref, sse, sse2, sse3, ssse3, sse4.1, sse4.2, popcnt, lzcnt, tsc, tscinvbit, avx, avx2, aes, erms, clmul, bmi1, bmi2, adx, avx512f, avx512dq, avx512cd, avx512bw, avx512vl, sha, fma, vzeroupper, avx512_vpopcntdq, avx512_vpclmulqdq, avx512_vaes, avx512_vnni, clflush, clflushopt, clwb, avx512_vbmi2, avx512_vbmi, hv, rdtscp, rdpid, fsrm, gfni, avx512_bitalg, f16c, cet_ibt, cet_ss, avx512_ifma
Processor Information for the first 12 processors :
  Max Mhz: 2688, Current Mhz: 2688, Mhz Limit: 2688

Memory: 4k page, system-wide physical 16121M (729M free)
TotalPageFile size 24075M (AvailPageFile size 111M)
current process WorkingSet (physical memory assigned to process): 12M, peak: 12M
current process commit charge ("private bytes"): 64M, peak: 316M

vm_info: OpenJDK 64-Bit Server VM (21.0.6+-13391695-b895.109) for windows-amd64 JRE (21.0.6+-13391695-b895.109), built on 2025-04-22T21:19:17Z by "builder" with MS VC++ 16.10 / 16.11 (VS2019)

END.
